<?xml version="1.0" encoding="UTF-8"?>
<!-- Generated by org.testng.reporters.JUnitXMLReporter -->
<testsuite hostname="Gopis-MacBook-Air.local" name="Default test" tests="7" failures="0" timestamp="14 Dec 2017 16:47:38 GMT" time="176.187" errors="0">
  <testcase name="ScrollWithElement" time="18.864" classname="ios.auto.TouchActions"/>
  <testcase name="ScrollWithoutElement" time="20.705" classname="ios.auto.TouchActions"/>
  <testcase name="LongPressWithElement" time="12.338" classname="ios.auto.TouchActions"/>
  <testcase name="LongPressWithCoords" time="6.246" classname="ios.auto.TouchActions"/>
  <testcase name="TapWithElement" time="14.35" classname="ios.auto.TouchActions"/>
  <testcase name="DatePicker" time="16.881" classname="ios.auto.TouchActions"/>
  <testcase name="SwipeSlider" time="11.069" classname="ios.auto.TouchActions"/>
</testsuite> <!-- Default test -->
