<?xml version="1.0" encoding="UTF-8"?>
<testng-results skipped="0" failed="0" total="7" passed="7">
  <reporter-output>
  </reporter-output>
  <suite name="Default suite" duration-ms="176187" started-at="2017-12-14T16:44:37Z" finished-at="2017-12-14T16:47:33Z">
    <groups>
    </groups>
    <test name="Default test" duration-ms="176187" started-at="2017-12-14T16:44:37Z" finished-at="2017-12-14T16:47:33Z">
      <class name="ios.auto.TouchActions">
        <test-method status="PASS" signature="setUp()[pri:0, instance:ios.auto.TouchActions@2a5ca609]" name="setUp" is-config="true" duration-ms="11268" started-at="2017-12-14T22:14:37Z" finished-at="2017-12-14T22:14:49Z">
          <reporter-output>
          </reporter-output>
        </test-method> <!-- setUp -->
        <test-method status="PASS" signature="ScrollWithElement()[pri:1, instance:ios.auto.TouchActions@2a5ca609]" name="ScrollWithElement" duration-ms="18864" started-at="2017-12-14T22:14:49Z" finished-at="2017-12-14T22:15:07Z">
          <reporter-output>
          </reporter-output>
        </test-method> <!-- ScrollWithElement -->
        <test-method status="PASS" signature="logout()[pri:0, instance:ios.auto.TouchActions@2a5ca609]" name="logout" is-config="true" duration-ms="181" started-at="2017-12-14T22:15:07Z" finished-at="2017-12-14T22:15:08Z">
          <reporter-output>
          </reporter-output>
        </test-method> <!-- logout -->
        <test-method status="PASS" signature="setUp()[pri:0, instance:ios.auto.TouchActions@2a5ca609]" name="setUp" is-config="true" duration-ms="10550" started-at="2017-12-14T22:15:08Z" finished-at="2017-12-14T22:15:18Z">
          <reporter-output>
          </reporter-output>
        </test-method> <!-- setUp -->
        <test-method status="PASS" signature="ScrollWithoutElement()[pri:2, instance:ios.auto.TouchActions@2a5ca609]" name="ScrollWithoutElement" duration-ms="20705" started-at="2017-12-14T22:15:18Z" finished-at="2017-12-14T22:15:39Z">
          <reporter-output>
          </reporter-output>
        </test-method> <!-- ScrollWithoutElement -->
        <test-method status="PASS" signature="logout()[pri:0, instance:ios.auto.TouchActions@2a5ca609]" name="logout" is-config="true" duration-ms="267" started-at="2017-12-14T22:15:39Z" finished-at="2017-12-14T22:15:39Z">
          <reporter-output>
          </reporter-output>
        </test-method> <!-- logout -->
        <test-method status="PASS" signature="setUp()[pri:0, instance:ios.auto.TouchActions@2a5ca609]" name="setUp" is-config="true" duration-ms="10464" started-at="2017-12-14T22:15:39Z" finished-at="2017-12-14T22:15:50Z">
          <reporter-output>
          </reporter-output>
        </test-method> <!-- setUp -->
        <test-method status="PASS" signature="LongPressWithElement()[pri:3, instance:ios.auto.TouchActions@2a5ca609]" name="LongPressWithElement" duration-ms="12338" started-at="2017-12-14T22:15:50Z" finished-at="2017-12-14T22:16:02Z">
          <reporter-output>
          </reporter-output>
        </test-method> <!-- LongPressWithElement -->
        <test-method status="PASS" signature="logout()[pri:0, instance:ios.auto.TouchActions@2a5ca609]" name="logout" is-config="true" duration-ms="234" started-at="2017-12-14T22:16:02Z" finished-at="2017-12-14T22:16:02Z">
          <reporter-output>
          </reporter-output>
        </test-method> <!-- logout -->
        <test-method status="PASS" signature="setUp()[pri:0, instance:ios.auto.TouchActions@2a5ca609]" name="setUp" is-config="true" duration-ms="10477" started-at="2017-12-14T22:16:02Z" finished-at="2017-12-14T22:16:13Z">
          <reporter-output>
          </reporter-output>
        </test-method> <!-- setUp -->
        <test-method status="PASS" signature="LongPressWithCoords()[pri:4, instance:ios.auto.TouchActions@2a5ca609]" name="LongPressWithCoords" duration-ms="6246" started-at="2017-12-14T22:16:13Z" finished-at="2017-12-14T22:16:19Z">
          <reporter-output>
          </reporter-output>
        </test-method> <!-- LongPressWithCoords -->
        <test-method status="PASS" signature="logout()[pri:0, instance:ios.auto.TouchActions@2a5ca609]" name="logout" is-config="true" duration-ms="263" started-at="2017-12-14T22:16:19Z" finished-at="2017-12-14T22:16:19Z">
          <reporter-output>
          </reporter-output>
        </test-method> <!-- logout -->
        <test-method status="PASS" signature="setUp()[pri:0, instance:ios.auto.TouchActions@2a5ca609]" name="setUp" is-config="true" duration-ms="10415" started-at="2017-12-14T22:16:19Z" finished-at="2017-12-14T22:16:30Z">
          <reporter-output>
          </reporter-output>
        </test-method> <!-- setUp -->
        <test-method status="PASS" signature="TapWithElement()[pri:5, instance:ios.auto.TouchActions@2a5ca609]" name="TapWithElement" duration-ms="14350" started-at="2017-12-14T22:16:30Z" finished-at="2017-12-14T22:16:44Z">
          <reporter-output>
          </reporter-output>
        </test-method> <!-- TapWithElement -->
        <test-method status="PASS" signature="logout()[pri:0, instance:ios.auto.TouchActions@2a5ca609]" name="logout" is-config="true" duration-ms="183" started-at="2017-12-14T22:16:44Z" finished-at="2017-12-14T22:16:44Z">
          <reporter-output>
          </reporter-output>
        </test-method> <!-- logout -->
        <test-method status="PASS" signature="setUp()[pri:0, instance:ios.auto.TouchActions@2a5ca609]" name="setUp" is-config="true" duration-ms="10414" started-at="2017-12-14T22:16:44Z" finished-at="2017-12-14T22:16:55Z">
          <reporter-output>
          </reporter-output>
        </test-method> <!-- setUp -->
        <test-method status="PASS" signature="DatePicker()[pri:6, instance:ios.auto.TouchActions@2a5ca609]" name="DatePicker" duration-ms="16881" started-at="2017-12-14T22:16:55Z" finished-at="2017-12-14T22:17:11Z">
          <reporter-output>
          </reporter-output>
        </test-method> <!-- DatePicker -->
        <test-method status="PASS" signature="logout()[pri:0, instance:ios.auto.TouchActions@2a5ca609]" name="logout" is-config="true" duration-ms="267" started-at="2017-12-14T22:17:11Z" finished-at="2017-12-14T22:17:12Z">
          <reporter-output>
          </reporter-output>
        </test-method> <!-- logout -->
        <test-method status="PASS" signature="setUp()[pri:0, instance:ios.auto.TouchActions@2a5ca609]" name="setUp" is-config="true" duration-ms="10459" started-at="2017-12-14T22:17:12Z" finished-at="2017-12-14T22:17:22Z">
          <reporter-output>
          </reporter-output>
        </test-method> <!-- setUp -->
        <test-method status="PASS" signature="SwipeSlider()[pri:7, instance:ios.auto.TouchActions@2a5ca609]" name="SwipeSlider" duration-ms="11069" started-at="2017-12-14T22:17:22Z" finished-at="2017-12-14T22:17:33Z">
          <reporter-output>
          </reporter-output>
        </test-method> <!-- SwipeSlider -->
        <test-method status="PASS" signature="logout()[pri:0, instance:ios.auto.TouchActions@2a5ca609]" name="logout" is-config="true" duration-ms="252" started-at="2017-12-14T22:17:33Z" finished-at="2017-12-14T22:17:33Z">
          <reporter-output>
          </reporter-output>
        </test-method> <!-- logout -->
      </class> <!-- ios.auto.TouchActions -->
    </test> <!-- Default test -->
  </suite> <!-- Default suite -->
</testng-results>
